{
  "RSpec": {
    "coverage": {
      "/root/YoutubeAPITest/spec/helpers/vcr_helper.rb": {
        "lines": [
          null,
          null,
          1,
          1,
          null,
          null,
          1,
          1,
          1,
          null,
          1,
          0,
          0,
          0,
          null,
          null,
          null,
          1,
          7,
          7,
          7,
          null,
          null,
          7,
          null,
          null,
          null,
          null,
          null,
          null,
          1,
          7,
          null,
          null
        ]
      }
    },
    "timestamp": 1729856580
  }
}
